<?xml version="1.0" encoding="UTF-8"?>
<testsuite name="com.test.cicd.testspringboot.TestspringbootApplicationTests" tests="3" skipped="0" failures="0" errors="0" timestamp="2022-04-08T01:38:54" hostname="Shashanks-MacBook-Air.local" time="0.396">
  <properties/>
  <testcase name="version()" classname="com.test.cicd.testspringboot.TestspringbootApplicationTests" time="0.387"/>
  <testcase name="contextLoads()" classname="com.test.cicd.testspringboot.TestspringbootApplicationTests" time="0.003"/>
  <testcase name="welcome()" classname="com.test.cicd.testspringboot.TestspringbootApplicationTests" time="0.003"/>
  <system-out><![CDATA[20:38:51.783 [Test worker] DEBUG org.springframework.test.context.BootstrapUtils - Instantiating CacheAwareContextLoaderDelegate from class [org.springframework.test.context.cache.DefaultCacheAwareContextLoaderDelegate]
20:38:51.792 [Test worker] DEBUG org.springframework.test.context.BootstrapUtils - Instantiating BootstrapContext using constructor [public org.springframework.test.context.support.DefaultBootstrapContext(java.lang.Class,org.springframework.test.context.CacheAwareContextLoaderDelegate)]
20:38:51.827 [Test worker] DEBUG org.springframework.test.context.BootstrapUtils - Instantiating TestContextBootstrapper for test class [com.test.cicd.testspringboot.TestspringbootApplicationTests] from class [org.springframework.boot.test.context.SpringBootTestContextBootstrapper]
20:38:51.838 [Test worker] INFO org.springframework.boot.test.context.SpringBootTestContextBootstrapper - Neither @ContextConfiguration nor @ContextHierarchy found for test class [com.test.cicd.testspringboot.TestspringbootApplicationTests], using SpringBootContextLoader
20:38:51.841 [Test worker] DEBUG org.springframework.test.context.support.AbstractContextLoader - Did not detect default resource location for test class [com.test.cicd.testspringboot.TestspringbootApplicationTests]: class path resource [com/test/cicd/testspringboot/TestspringbootApplicationTests-context.xml] does not exist
20:38:51.841 [Test worker] DEBUG org.springframework.test.context.support.AbstractContextLoader - Did not detect default resource location for test class [com.test.cicd.testspringboot.TestspringbootApplicationTests]: class path resource [com/test/cicd/testspringboot/TestspringbootApplicationTestsContext.groovy] does not exist
20:38:51.841 [Test worker] INFO org.springframework.test.context.support.AbstractContextLoader - Could not detect default resource locations for test class [com.test.cicd.testspringboot.TestspringbootApplicationTests]: no resource found for suffixes {-context.xml, Context.groovy}.
20:38:51.842 [Test worker] INFO org.springframework.test.context.support.AnnotationConfigContextLoaderUtils - Could not detect default configuration classes for test class [com.test.cicd.testspringboot.TestspringbootApplicationTests]: TestspringbootApplicationTests does not declare any static, non-private, non-final, nested classes annotated with @Configuration.
20:38:51.900 [Test worker] DEBUG org.springframework.test.context.support.ActiveProfilesUtils - Could not find an 'annotation declaring class' for annotation type [org.springframework.test.context.ActiveProfiles] and class [com.test.cicd.testspringboot.TestspringbootApplicationTests]
20:38:52.003 [Test worker] DEBUG org.springframework.context.annotation.ClassPathScanningCandidateComponentProvider - Identified candidate component class: file [/Users/shashankindukuri/Documents/Masters/SE452/Week2/testspringboot/build/classes/java/main/com/test/cicd/testspringboot/TestspringbootApplication.class]
20:38:52.004 [Test worker] INFO org.springframework.boot.test.context.SpringBootTestContextBootstrapper - Found @SpringBootConfiguration com.test.cicd.testspringboot.TestspringbootApplication for test class com.test.cicd.testspringboot.TestspringbootApplicationTests
20:38:52.102 [Test worker] DEBUG org.springframework.boot.test.context.SpringBootTestContextBootstrapper - @TestExecutionListeners is not present for class [com.test.cicd.testspringboot.TestspringbootApplicationTests]: using defaults.
20:38:52.103 [Test worker] INFO org.springframework.boot.test.context.SpringBootTestContextBootstrapper - Loaded default TestExecutionListener class names from location [META-INF/spring.factories]: [org.springframework.boot.test.autoconfigure.restdocs.RestDocsTestExecutionListener, org.springframework.boot.test.autoconfigure.web.client.MockRestServiceServerResetTestExecutionListener, org.springframework.boot.test.autoconfigure.web.servlet.MockMvcPrintOnlyOnFailureTestExecutionListener, org.springframework.boot.test.autoconfigure.web.servlet.WebDriverTestExecutionListener, org.springframework.boot.test.autoconfigure.webservices.client.MockWebServiceServerTestExecutionListener, org.springframework.boot.test.mock.mockito.MockitoTestExecutionListener, org.springframework.boot.test.mock.mockito.ResetMocksTestExecutionListener, org.springframework.test.context.web.ServletTestExecutionListener, org.springframework.test.context.support.DirtiesContextBeforeModesTestExecutionListener, org.springframework.test.context.event.ApplicationEventsTestExecutionListener, org.springframework.test.context.support.DependencyInjectionTestExecutionListener, org.springframework.test.context.support.DirtiesContextTestExecutionListener, org.springframework.test.context.transaction.TransactionalTestExecutionListener, org.springframework.test.context.jdbc.SqlScriptsTestExecutionListener, org.springframework.test.context.event.EventPublishingTestExecutionListener]
20:38:52.111 [Test worker] DEBUG org.springframework.boot.test.context.SpringBootTestContextBootstrapper - Skipping candidate TestExecutionListener [org.springframework.test.context.transaction.TransactionalTestExecutionListener] due to a missing dependency. Specify custom listener classes or make the default listener classes and their required dependencies available. Offending class: [org/springframework/transaction/interceptor/TransactionAttributeSource]
20:38:52.111 [Test worker] DEBUG org.springframework.boot.test.context.SpringBootTestContextBootstrapper - Skipping candidate TestExecutionListener [org.springframework.test.context.jdbc.SqlScriptsTestExecutionListener] due to a missing dependency. Specify custom listener classes or make the default listener classes and their required dependencies available. Offending class: [org/springframework/transaction/interceptor/TransactionAttribute]
20:38:52.111 [Test worker] INFO org.springframework.boot.test.context.SpringBootTestContextBootstrapper - Using TestExecutionListeners: [org.springframework.test.context.web.ServletTestExecutionListener@129b4fe2, org.springframework.test.context.support.DirtiesContextBeforeModesTestExecutionListener@5af3a0f, org.springframework.test.context.event.ApplicationEventsTestExecutionListener@19ae6bb, org.springframework.boot.test.mock.mockito.MockitoTestExecutionListener@10993713, org.springframework.boot.test.autoconfigure.SpringBootDependencyInjectionTestExecutionListener@58359ebd, org.springframework.test.context.support.DirtiesContextTestExecutionListener@24b6b8f6, org.springframework.test.context.event.EventPublishingTestExecutionListener@72cf2de5, org.springframework.boot.test.autoconfigure.restdocs.RestDocsTestExecutionListener@2bb7bd00, org.springframework.boot.test.autoconfigure.web.client.MockRestServiceServerResetTestExecutionListener@5f031ebd, org.springframework.boot.test.autoconfigure.web.servlet.MockMvcPrintOnlyOnFailureTestExecutionListener@4ee37ca3, org.springframework.boot.test.autoconfigure.web.servlet.WebDriverTestExecutionListener@45c8d09f, org.springframework.boot.test.autoconfigure.webservices.client.MockWebServiceServerTestExecutionListener@53812a9b, org.springframework.boot.test.mock.mockito.ResetMocksTestExecutionListener@14b030a0]
20:38:52.114 [Test worker] DEBUG org.springframework.test.context.support.AbstractDirtiesContextTestExecutionListener - Before test class: context [DefaultTestContext@662f5666 testClass = TestspringbootApplicationTests, testInstance = [null], testMethod = [null], testException = [null], mergedContextConfiguration = [WebMergedContextConfiguration@fd8294b testClass = TestspringbootApplicationTests, locations = '{}', classes = '{class com.test.cicd.testspringboot.TestspringbootApplication}', contextInitializerClasses = '[]', activeProfiles = '{}', propertySourceLocations = '{}', propertySourceProperties = '{org.springframework.boot.test.context.SpringBootTestContextBootstrapper=true}', contextCustomizers = set[org.springframework.boot.test.autoconfigure.actuate.metrics.MetricsExportContextCustomizerFactory$DisableMetricExportContextCustomizer@3081f72c, org.springframework.boot.test.autoconfigure.properties.PropertyMappingContextCustomizer@0, org.springframework.boot.test.autoconfigure.web.servlet.WebDriverContextCustomizerFactory$Customizer@37e4d7bb, org.springframework.boot.test.context.filter.ExcludeFilterContextCustomizer@63611043, org.springframework.boot.test.json.DuplicateJsonObjectContextCustomizerFactory$DuplicateJsonObjectContextCustomizer@73302995, org.springframework.boot.test.mock.mockito.MockitoContextCustomizer@0, org.springframework.boot.test.web.client.TestRestTemplateContextCustomizer@73d983ea, org.springframework.boot.test.context.SpringBootTestArgs@1, org.springframework.boot.test.context.SpringBootTestWebEnvironment@6200f9cb], resourceBasePath = 'src/main/webapp', contextLoader = 'org.springframework.boot.test.context.SpringBootContextLoader', parent = [null]], attributes = map['org.springframework.test.context.web.ServletTestExecutionListener.activateListener' -> true]], class annotated with @DirtiesContext [false] with mode [null].

  .   ____          _            __ _ _
 /\\ / ___'_ __ _ _(_)_ __  __ _ \ \ \ \
( ( )\___ | '_ | '_| | '_ \/ _` | \ \ \ \
 \\/  ___)| |_)| | | | | || (_| |  ) ) ) )
  '  |____| .__|_| |_|_| |_\__, | / / / /
 =========|_|==============|___/=/_/_/_/
 :: Spring Boot ::                (v2.6.6)

2022-04-07 20:38:52.546  INFO 67366 --- [    Test worker] c.t.c.t.TestspringbootApplicationTests   : Starting TestspringbootApplicationTests using Java 17.0.2 on Shashanks-MacBook-Air.local with PID 67366 (started by shashankindukuri in /Users/shashankindukuri/Documents/Masters/SE452/Week2/testspringboot)
2022-04-07 20:38:52.554  INFO 67366 --- [    Test worker] c.t.c.t.TestspringbootApplicationTests   : No active profile set, falling back to 1 default profile: "default"
2022-04-07 20:38:54.207  INFO 67366 --- [    Test worker] c.t.c.t.TestspringbootApplicationTests   : Started TestspringbootApplicationTests in 2.059 seconds (JVM running for 3.28)
]]></system-out>
  <system-err><![CDATA[]]></system-err>
</testsuite>
